  WorkManager.cpp
c:\users\dell\source\repos\xmlproject\xmlproject\biginteger.h(16): warning C4244: 'initializing': conversion from 'double' to 'const int', possible loss of data
c:\users\dell\source\repos\xmlproject\xmlproject\millerrabintest.h(21): warning C4244: 'initializing': conversion from 'double' to '__int64', possible loss of data
c:\users\dell\source\repos\xmlproject\xmlproject\millerrabintest.h(58): warning C4244: 'initializing': conversion from 'double' to 'int', possible loss of data
c:\users\dell\source\repos\xmlproject\xmlproject\millerrabintest.h(63): warning C4244: '=': conversion from 'double' to 'int', possible loss of data
c:\users\dell\source\repos\xmlproject\xmlproject\millerrabintest.h(66): warning C4018: '<': signed/unsigned mismatch
c:\users\dell\source\repos\xmlproject\xmlproject\workmanager.cpp(23): warning C4018: '<': signed/unsigned mismatch
  BigInteger.cpp
c:\users\dell\source\repos\xmlproject\xmlproject\biginteger.h(16): warning C4244: 'initializing': conversion from 'double' to 'const int', possible loss of data
c:\users\dell\source\repos\xmlproject\xmlproject\biginteger.cpp(208): warning C4244: 'argument': conversion from 'const __int64' to 'const int', possible loss of data
c:\users\dell\source\repos\xmlproject\xmlproject\biginteger.cpp(231): warning C4018: '<': signed/unsigned mismatch
  Generating Code...
  Compiling...
  XMLProject.cpp
c:\users\dell\source\repos\xmlproject\xmlproject\biginteger.h(16): warning C4244: 'initializing': conversion from 'double' to 'const int', possible loss of data
c:\users\dell\source\repos\xmlproject\xmlproject\millerrabintest.h(21): warning C4244: 'initializing': conversion from 'double' to '__int64', possible loss of data
c:\users\dell\source\repos\xmlproject\xmlproject\millerrabintest.h(58): warning C4244: 'initializing': conversion from 'double' to 'int', possible loss of data
c:\users\dell\source\repos\xmlproject\xmlproject\millerrabintest.h(63): warning C4244: '=': conversion from 'double' to 'int', possible loss of data
c:\users\dell\source\repos\xmlproject\xmlproject\millerrabintest.h(66): warning C4018: '<': signed/unsigned mismatch
  ThreadPool.cpp
  Generating Code...
  Skipping... (no relevant changes detected)
  XmlParser.cpp
  Interval.cpp
  XMLProject.vcxproj -> C:\Users\Dell\source\repos\XMLProject\Debug\XMLProject.exe
